SF:C:\Users\agand\Documents\Workspace\csharp-design-patterns\AbstractFactory\Source\AMDProcessor.cs
FN:5,System.String Laptop.AmdProcessor::BrandName()
FNDA:1,System.String Laptop.AmdProcessor::BrandName()
DA:6,1
DA:7,1
DA:8,1
FN:9,System.Double Laptop.AmdProcessor::SpeedInGigaHertz()
FNDA:1,System.Double Laptop.AmdProcessor::SpeedInGigaHertz()
DA:10,1
DA:11,1
DA:12,1
LF:6
LH:6
BRF:0
BRH:0
FNF:2
FNH:2
end_of_record
SF:C:\Users\agand\Documents\Workspace\csharp-design-patterns\AbstractFactory\Source\DellPartsFactory.cs
FN:5,Laptop.IStorage Laptop.DellPartsFactory::CreateStorage()
FNDA:2,Laptop.IStorage Laptop.DellPartsFactory::CreateStorage()
DA:6,2
DA:7,2
DA:8,2
FN:9,Laptop.IProcessor Laptop.DellPartsFactory::CreateProcessor()
FNDA:2,Laptop.IProcessor Laptop.DellPartsFactory::CreateProcessor()
DA:10,2
DA:11,2
DA:12,2
LF:6
LH:6
BRF:0
BRH:0
FNF:2
FNH:2
end_of_record
SF:C:\Users\agand\Documents\Workspace\csharp-design-patterns\AbstractFactory\Source\HardDrive.cs
FN:6,System.String Laptop.HardDrive::HardwareType()
FNDA:1,System.String Laptop.HardDrive::HardwareType()
DA:7,1
DA:8,1
DA:9,1
FN:10,System.Int32 Laptop.HardDrive::ReadSpeedInMBytesPerSec()
FNDA:1,System.Int32 Laptop.HardDrive::ReadSpeedInMBytesPerSec()
DA:11,1
DA:12,1
DA:13,1
LF:6
LH:6
BRF:0
BRH:0
FNF:2
FNH:2
end_of_record
SF:C:\Users\agand\Documents\Workspace\csharp-design-patterns\AbstractFactory\Source\IntelProcessor.cs
FN:5,System.String Laptop.IntelProcessor::BrandName()
FNDA:1,System.String Laptop.IntelProcessor::BrandName()
DA:6,1
DA:7,1
DA:8,1
FN:9,System.Double Laptop.IntelProcessor::SpeedInGigaHertz()
FNDA:1,System.Double Laptop.IntelProcessor::SpeedInGigaHertz()
DA:10,1
DA:11,1
DA:12,1
LF:6
LH:6
BRF:0
BRH:0
FNF:2
FNH:2
end_of_record
SF:C:\Users\agand\Documents\Workspace\csharp-design-patterns\AbstractFactory\Source\LenovoPartsFactory.cs
FN:5,Laptop.IStorage Laptop.LenovoPartsFactory::CreateStorage()
FNDA:2,Laptop.IStorage Laptop.LenovoPartsFactory::CreateStorage()
DA:6,2
DA:7,2
DA:8,2
FN:9,Laptop.IProcessor Laptop.LenovoPartsFactory::CreateProcessor()
FNDA:2,Laptop.IProcessor Laptop.LenovoPartsFactory::CreateProcessor()
DA:10,2
DA:11,2
DA:12,2
LF:6
LH:6
BRF:0
BRH:0
FNF:2
FNH:2
end_of_record
SF:C:\Users\agand\Documents\Workspace\csharp-design-patterns\AbstractFactory\Source\SolidStateDrive.cs
FN:6,System.String Laptop.SolidStateDrive::HardwareType()
FNDA:1,System.String Laptop.SolidStateDrive::HardwareType()
DA:7,1
DA:8,1
DA:9,1
FN:10,System.Int32 Laptop.SolidStateDrive::ReadSpeedInMBytesPerSec()
FNDA:1,System.Int32 Laptop.SolidStateDrive::ReadSpeedInMBytesPerSec()
DA:11,1
DA:12,1
DA:13,1
LF:6
LH:6
BRF:0
BRH:0
FNF:2
FNH:2
end_of_record